<?xml version="1.0" encoding="UTF-8"?>
<!-- Generated by org.testng.reporters.JUnitReportReporter -->
<testsuite hostname="DESKTOP-H763N2L" name="planit.tests.TS_01_ItemBooking" tests="1" failures="0" timestamp="25 Sep 2020 10:13:20 GMT" time="10.274" errors="0">
  <testcase name="TC_01_ValidateCreatingProgramWithAllFields" time="10.274" classname="planit.tests.TS_01_ItemBooking"/>
</testsuite> <!-- planit.tests.TS_01_ItemBooking -->
